Prerequisite#
1. Java 1.8 is required to run the build
2. Maven is required to build the project.

Building and Executing#
1. Build the project using the below command.
mvn install
2. Now execute the App class
java com.technogise.chessboard.App




Sample Output of maven build#
(This will build the code and run the unit test cases as well, the output woul look like below)
[INFO] Scanning for projects...
[INFO] 
[INFO] ---------------------< com.technogise:chessboard >----------------------
[INFO] Building chessboard 0.0.1-SNAPSHOT
[INFO] --------------------------------[ jar ]---------------------------------
[INFO] 
[INFO] --- maven-resources-plugin:2.6:resources (default-resources) @ chessboard ---
[INFO] Using 'UTF-8' encoding to copy filtered resources.
[INFO] skip non existing resourceDirectory C:\Users\HP\eclipse-workspace\ChessBoard\src\main\resources
[INFO] 
[INFO] --- maven-compiler-plugin:3.1:compile (default-compile) @ chessboard ---
[INFO] Nothing to compile - all classes are up to date
[INFO] 
[INFO] --- maven-resources-plugin:2.6:testResources (default-testResources) @ chessboard ---
[INFO] Using 'UTF-8' encoding to copy filtered resources.
[INFO] skip non existing resourceDirectory C:\Users\HP\eclipse-workspace\ChessBoard\src\test\resources
[INFO] 
[INFO] --- maven-compiler-plugin:3.1:testCompile (default-testCompile) @ chessboard ---
[INFO] Nothing to compile - all classes are up to date
[INFO] 
[INFO] --- maven-surefire-plugin:2.22.0:test (default-test) @ chessboard ---
[INFO] 
[INFO] -------------------------------------------------------
[INFO]  T E S T S
[INFO] -------------------------------------------------------
[INFO] Running com.technogise.chessboard.AppTest
[INFO] Tests run: 1, Failures: 0, Errors: 0, Skipped: 0, Time elapsed: 0.079 s - in com.technogise.chessboard.AppTest
[INFO] Running com.technogise.chessboard.ChessBoardCellUtilTest
[INFO] Tests run: 3, Failures: 0, Errors: 0, Skipped: 0, Time elapsed: 0.031 s - in com.technogise.chessboard.ChessBoardCellUtilTest
[INFO] Running com.technogise.chessboard.pieces.BishopTest
[INFO] Tests run: 1, Failures: 0, Errors: 0, Skipped: 0, Time elapsed: 0.001 s - in com.technogise.chessboard.pieces.BishopTest
[INFO] Running com.technogise.chessboard.pieces.HorseTest
[INFO] Tests run: 1, Failures: 0, Errors: 0, Skipped: 0, Time elapsed: 0 s - in com.technogise.chessboard.pieces.HorseTest
[INFO] Running com.technogise.chessboard.pieces.KingTest
[INFO] Tests run: 1, Failures: 0, Errors: 0, Skipped: 0, Time elapsed: 0.001 s - in com.technogise.chessboard.pieces.KingTest
[INFO] Running com.technogise.chessboard.pieces.PawnTest
[INFO] Tests run: 1, Failures: 0, Errors: 0, Skipped: 0, Time elapsed: 0.001 s - in com.technogise.chessboard.pieces.PawnTest
[INFO] Running com.technogise.chessboard.pieces.QueenTest
[INFO] Tests run: 1, Failures: 0, Errors: 0, Skipped: 0, Time elapsed: 0 s - in com.technogise.chessboard.pieces.QueenTest
[INFO] Running com.technogise.chessboard.pieces.RookTest
[INFO] Tests run: 1, Failures: 0, Errors: 0, Skipped: 0, Time elapsed: 0.001 s - in com.technogise.chessboard.pieces.RookTest
[INFO] 
[INFO] Results:
[INFO] 
[INFO] Tests run: 10, Failures: 0, Errors: 0, Skipped: 0
[INFO] 
[INFO] 
[INFO] --- maven-jar-plugin:2.4:jar (default-jar) @ chessboard ---
[INFO] 
[INFO] --- maven-install-plugin:2.4:install (default-install) @ chessboard ---
[INFO] Installing C:\Users\HP\eclipse-workspace\ChessBoard\target\chessboard-0.0.1-SNAPSHOT.jar to C:\Users\HP\.m2\repository\com\technogise\chessboard\0.0.1-SNAPSHOT\chessboard-0.0.1-SNAPSHOT.jar
[INFO] Installing C:\Users\HP\eclipse-workspace\ChessBoard\pom.xml to C:\Users\HP\.m2\repository\com\technogise\chessboard\0.0.1-SNAPSHOT\chessboard-0.0.1-SNAPSHOT.pom
[INFO] ------------------------------------------------------------------------
[INFO] BUILD SUCCESS
[INFO] ------------------------------------------------------------------------
[INFO] Total time:  3.349 s
[INFO] Finished at: 2019-10-18T01:02:02+05:30
[INFO] ------------------------------------------------------------------------
